This is ApacheBench, Version 2.3 <$Revision: 1903618 $>
Copyright 1996 Adam Twiss, Zeus Technology Ltd, http://www.zeustech.net/
Licensed to The Apache Software Foundation, http://www.apache.org/

Benchmarking 192.168.30.50 (be patient).....done


Server Software:        nginx/1.27.5
Server Hostname:        192.168.30.50
Server Port:            80

Document Path:          /
Document Length:        772 bytes

Concurrency Level:      1
Time taken for tests:   0.013 seconds
Complete requests:      10
Failed requests:        0
Total transferred:      9530 bytes
HTML transferred:       7720 bytes
Requests per second:    783.94 [#/sec] (mean)
Time per request:       1.276 [ms] (mean)
Time per request:       1.276 [ms] (mean, across all concurrent requests)
Transfer rate:          729.59 [Kbytes/sec] received

Connection Times (ms)
              min  mean[+/-sd] median   max
Connect:        0    0   0.0      0       0
Processing:     1    1   0.2      1       2
Waiting:        1    1   0.2      1       2
Total:          1    1   0.2      1       2

Percentage of the requests served within a certain time (ms)
  50%      1
  66%      1
  75%      1
  80%      1
  90%      2
  95%      2
  98%      2
  99%      2
 100%      2 (longest request)
