This is ApacheBench, Version 2.3 <$Revision: 1903618 $>
Copyright 1996 Adam Twiss, Zeus Technology Ltd, http://www.zeustech.net/
Licensed to The Apache Software Foundation, http://www.apache.org/

Benchmarking 192.168.30.50 (be patient).....done


Server Software:        nginx/1.27.5
Server Hostname:        192.168.30.50
Server Port:            80

Document Path:          /
Document Length:        772 bytes

Concurrency Level:      1
Time taken for tests:   0.022 seconds
Complete requests:      10
Failed requests:        0
Total transferred:      9530 bytes
HTML transferred:       7720 bytes
Requests per second:    449.92 [#/sec] (mean)
Time per request:       2.223 [ms] (mean)
Time per request:       2.223 [ms] (mean, across all concurrent requests)
Transfer rate:          418.73 [Kbytes/sec] received

Connection Times (ms)
              min  mean[+/-sd] median   max
Connect:        0    0   0.1      0       0
Processing:     1    2   0.9      2       4
Waiting:        1    2   0.9      2       4
Total:          1    2   1.0      2       5

Percentage of the requests served within a certain time (ms)
  50%      2
  66%      2
  75%      3
  80%      3
  90%      5
  95%      5
  98%      5
  99%      5
 100%      5 (longest request)
